<?xml version="1.0" encoding="UTF-8"?>
<testng-results skipped="0" failed="0" total="1" passed="1">
  <reporter-output>
  </reporter-output>
  <suite name="Suite" duration-ms="2812" started-at="2016-05-29T22:26:46Z" finished-at="2016-05-29T22:26:49Z">
    <groups>
    </groups>
    <test name="Test" duration-ms="2812" started-at="2016-05-29T22:26:46Z" finished-at="2016-05-29T22:26:49Z">
      <class name="TestNG.DemoTestNg">
        <test-method status="PASS" signature="gmailLogin()[pri:0, instance:TestNG.DemoTestNg@af004b]" name="gmailLogin" duration-ms="2805" started-at="2016-05-29T15:26:46Z" finished-at="2016-05-29T15:26:49Z">
          <reporter-output>
          </reporter-output>
        </test-method> <!-- gmailLogin -->
      </class> <!-- TestNG.DemoTestNg -->
    </test> <!-- Test -->
  </suite> <!-- Suite -->
</testng-results>
